2025-08-22 16:24:33,314 - User <member 'id' of 'User' objects> performed action: Started a new order
2025-08-22 16:24:33,952 - HTTP Request: POST https://api.telegram.org/bot8134869323:AAHI2Hhqx-roNtTYHj6xCi5TqBJPm3Bf7VE/getMe "HTTP/1.1 200 OK"
2025-08-22 16:24:34,141 - HTTP Request: POST https://api.telegram.org/bot8134869323:AAHI2Hhqx-roNtTYHj6xCi5TqBJPm3Bf7VE/deleteWebhook "HTTP/1.1 200 OK"
2025-08-22 16:24:34,142 - Application started
2025-08-22 16:24:41,130 - HTTP Request: POST https://api.telegram.org/bot8134869323:AAHI2Hhqx-roNtTYHj6xCi5TqBJPm3Bf7VE/getUpdates "HTTP/1.1 200 OK"
2025-08-22 16:24:41,928 - HTTP Request: POST https://api.telegram.org/bot8134869323:AAHI2Hhqx-roNtTYHj6xCi5TqBJPm3Bf7VE/sendMessage "HTTP/1.1 200 OK"
2025-08-22 16:24:42,355 - HTTP Request: POST https://api.telegram.org/bot8134869323:AAHI2Hhqx-roNtTYHj6xCi5TqBJPm3Bf7VE/sendMessage "HTTP/1.1 200 OK"
2025-08-22 16:24:43,418 - HTTP Request: POST https://api.telegram.org/bot8134869323:AAHI2Hhqx-roNtTYHj6xCi5TqBJPm3Bf7VE/getUpdates "HTTP/1.1 200 OK"
2025-08-22 16:24:43,809 - HTTP Request: POST https://api.telegram.org/bot8134869323:AAHI2Hhqx-roNtTYHj6xCi5TqBJPm3Bf7VE/sendMessage "HTTP/1.1 200 OK"
2025-08-22 16:24:45,259 - HTTP Request: POST https://api.telegram.org/bot8134869323:AAHI2Hhqx-roNtTYHj6xCi5TqBJPm3Bf7VE/getUpdates "HTTP/1.1 200 OK"
2025-08-22 16:24:45,625 - HTTP Request: POST https://api.telegram.org/bot8134869323:AAHI2Hhqx-roNtTYHj6xCi5TqBJPm3Bf7VE/answerCallbackQuery "HTTP/1.1 200 OK"
2025-08-22 16:24:45,992 - HTTP Request: POST https://api.telegram.org/bot8134869323:AAHI2Hhqx-roNtTYHj6xCi5TqBJPm3Bf7VE/answerCallbackQuery "HTTP/1.1 200 OK"
2025-08-22 16:24:46,379 - HTTP Request: POST https://api.telegram.org/bot8134869323:AAHI2Hhqx-roNtTYHj6xCi5TqBJPm3Bf7VE/editMessageText "HTTP/1.1 200 OK"
2025-08-22 16:24:47,858 - HTTP Request: POST https://api.telegram.org/bot8134869323:AAHI2Hhqx-roNtTYHj6xCi5TqBJPm3Bf7VE/getUpdates "HTTP/1.1 200 OK"
2025-08-22 16:24:58,039 - HTTP Request: POST https://api.telegram.org/bot8134869323:AAHI2Hhqx-roNtTYHj6xCi5TqBJPm3Bf7VE/getUpdates "HTTP/1.1 200 OK"
2025-08-22 16:25:08,228 - HTTP Request: POST https://api.telegram.org/bot8134869323:AAHI2Hhqx-roNtTYHj6xCi5TqBJPm3Bf7VE/getUpdates "HTTP/1.1 200 OK"
2025-08-22 16:25:09,883 - HTTP Request: POST https://api.telegram.org/bot8134869323:AAHI2Hhqx-roNtTYHj6xCi5TqBJPm3Bf7VE/getUpdates "HTTP/1.1 200 OK"
2025-08-22 16:25:20,065 - HTTP Request: POST https://api.telegram.org/bot8134869323:AAHI2Hhqx-roNtTYHj6xCi5TqBJPm3Bf7VE/getUpdates "HTTP/1.1 200 OK"
2025-08-22 16:25:30,247 - HTTP Request: POST https://api.telegram.org/bot8134869323:AAHI2Hhqx-roNtTYHj6xCi5TqBJPm3Bf7VE/getUpdates "HTTP/1.1 200 OK"
2025-08-22 16:25:40,428 - HTTP Request: POST https://api.telegram.org/bot8134869323:AAHI2Hhqx-roNtTYHj6xCi5TqBJPm3Bf7VE/getUpdates "HTTP/1.1 200 OK"
2025-08-22 16:25:50,610 - HTTP Request: POST https://api.telegram.org/bot8134869323:AAHI2Hhqx-roNtTYHj6xCi5TqBJPm3Bf7VE/getUpdates "HTTP/1.1 200 OK"
2025-08-22 16:26:00,791 - HTTP Request: POST https://api.telegram.org/bot8134869323:AAHI2Hhqx-roNtTYHj6xCi5TqBJPm3Bf7VE/getUpdates "HTTP/1.1 200 OK"
2025-08-22 16:26:10,974 - HTTP Request: POST https://api.telegram.org/bot8134869323:AAHI2Hhqx-roNtTYHj6xCi5TqBJPm3Bf7VE/getUpdates "HTTP/1.1 200 OK"
2025-08-22 16:26:21,157 - HTTP Request: POST https://api.telegram.org/bot8134869323:AAHI2Hhqx-roNtTYHj6xCi5TqBJPm3Bf7VE/getUpdates "HTTP/1.1 200 OK"
2025-08-22 16:26:31,339 - HTTP Request: POST https://api.telegram.org/bot8134869323:AAHI2Hhqx-roNtTYHj6xCi5TqBJPm3Bf7VE/getUpdates "HTTP/1.1 200 OK"
2025-08-22 16:26:41,521 - HTTP Request: POST https://api.telegram.org/bot8134869323:AAHI2Hhqx-roNtTYHj6xCi5TqBJPm3Bf7VE/getUpdates "HTTP/1.1 200 OK"
2025-08-22 16:26:51,704 - HTTP Request: POST https://api.telegram.org/bot8134869323:AAHI2Hhqx-roNtTYHj6xCi5TqBJPm3Bf7VE/getUpdates "HTTP/1.1 200 OK"
2025-08-22 16:27:01,886 - HTTP Request: POST https://api.telegram.org/bot8134869323:AAHI2Hhqx-roNtTYHj6xCi5TqBJPm3Bf7VE/getUpdates "HTTP/1.1 200 OK"
2025-08-22 16:27:12,071 - HTTP Request: POST https://api.telegram.org/bot8134869323:AAHI2Hhqx-roNtTYHj6xCi5TqBJPm3Bf7VE/getUpdates "HTTP/1.1 200 OK"
2025-08-22 16:27:23,911 - HTTP Request: POST https://api.telegram.org/bot8134869323:AAHI2Hhqx-roNtTYHj6xCi5TqBJPm3Bf7VE/getMe "HTTP/1.1 200 OK"
2025-08-22 16:27:24,098 - HTTP Request: POST https://api.telegram.org/bot8134869323:AAHI2Hhqx-roNtTYHj6xCi5TqBJPm3Bf7VE/deleteWebhook "HTTP/1.1 200 OK"
2025-08-22 16:27:24,099 - Application started
2025-08-22 16:27:25,951 - HTTP Request: POST https://api.telegram.org/bot8134869323:AAHI2Hhqx-roNtTYHj6xCi5TqBJPm3Bf7VE/getUpdates "HTTP/1.1 200 OK"
2025-08-22 16:27:26,329 - HTTP Request: POST https://api.telegram.org/bot8134869323:AAHI2Hhqx-roNtTYHj6xCi5TqBJPm3Bf7VE/sendMessage "HTTP/1.1 200 OK"
2025-08-22 16:27:26,718 - HTTP Request: POST https://api.telegram.org/bot8134869323:AAHI2Hhqx-roNtTYHj6xCi5TqBJPm3Bf7VE/sendMessage "HTTP/1.1 200 OK"
2025-08-22 16:27:27,744 - HTTP Request: POST https://api.telegram.org/bot8134869323:AAHI2Hhqx-roNtTYHj6xCi5TqBJPm3Bf7VE/getUpdates "HTTP/1.1 200 OK"
2025-08-22 16:27:28,113 - HTTP Request: POST https://api.telegram.org/bot8134869323:AAHI2Hhqx-roNtTYHj6xCi5TqBJPm3Bf7VE/sendMessage "HTTP/1.1 200 OK"
2025-08-22 16:27:29,395 - HTTP Request: POST https://api.telegram.org/bot8134869323:AAHI2Hhqx-roNtTYHj6xCi5TqBJPm3Bf7VE/getUpdates "HTTP/1.1 200 OK"
2025-08-22 16:27:29,745 - HTTP Request: POST https://api.telegram.org/bot8134869323:AAHI2Hhqx-roNtTYHj6xCi5TqBJPm3Bf7VE/answerCallbackQuery "HTTP/1.1 200 OK"
2025-08-22 16:27:31,098 - HTTP Request: POST https://api.telegram.org/bot8134869323:AAHI2Hhqx-roNtTYHj6xCi5TqBJPm3Bf7VE/getUpdates "HTTP/1.1 200 OK"
2025-08-22 16:27:31,491 - HTTP Request: POST https://api.telegram.org/bot8134869323:AAHI2Hhqx-roNtTYHj6xCi5TqBJPm3Bf7VE/answerCallbackQuery "HTTP/1.1 200 OK"
2025-08-22 16:27:34,031 - HTTP Request: POST https://api.telegram.org/bot8134869323:AAHI2Hhqx-roNtTYHj6xCi5TqBJPm3Bf7VE/getUpdates "HTTP/1.1 200 OK"
2025-08-22 16:27:41,589 - HTTP Request: POST https://api.telegram.org/bot8134869323:AAHI2Hhqx-roNtTYHj6xCi5TqBJPm3Bf7VE/getUpdates "HTTP/1.1 200 OK"
2025-08-22 16:27:51,775 - HTTP Request: POST https://api.telegram.org/bot8134869323:AAHI2Hhqx-roNtTYHj6xCi5TqBJPm3Bf7VE/getUpdates "HTTP/1.1 200 OK"
2025-08-22 16:27:57,085 - HTTP Request: POST https://api.telegram.org/bot8134869323:AAHI2Hhqx-roNtTYHj6xCi5TqBJPm3Bf7VE/getUpdates "HTTP/1.1 200 OK"
2025-08-22 16:27:57,715 - HTTP Request: POST https://api.telegram.org/bot8134869323:AAHI2Hhqx-roNtTYHj6xCi5TqBJPm3Bf7VE/getUpdates "HTTP/1.1 200 OK"
2025-08-22 16:27:57,806 - HTTP Request: POST https://api.telegram.org/bot8134869323:AAHI2Hhqx-roNtTYHj6xCi5TqBJPm3Bf7VE/answerCallbackQuery "HTTP/1.1 200 OK"
2025-08-22 16:27:58,158 - HTTP Request: POST https://api.telegram.org/bot8134869323:AAHI2Hhqx-roNtTYHj6xCi5TqBJPm3Bf7VE/answerCallbackQuery "HTTP/1.1 200 OK"
2025-08-22 16:28:06,830 - HTTP Request: POST https://api.telegram.org/bot8134869323:AAHI2Hhqx-roNtTYHj6xCi5TqBJPm3Bf7VE/getUpdates "HTTP/1.1 200 OK"
2025-08-22 16:28:10,067 - HTTP Request: POST https://api.telegram.org/bot8134869323:AAHI2Hhqx-roNtTYHj6xCi5TqBJPm3Bf7VE/getUpdates "HTTP/1.1 200 OK"
2025-08-22 16:28:20,254 - HTTP Request: POST https://api.telegram.org/bot8134869323:AAHI2Hhqx-roNtTYHj6xCi5TqBJPm3Bf7VE/getUpdates "HTTP/1.1 200 OK"
